<?xml version="1.0" encoding="UTF-8"?>
<!-- Generated by org.testng.reporters.JUnitReportReporter -->
<testsuite hostname="LAPTOP-UF8CEU9M" failures="0" tests="2" name="Assignments.HomeWork2_1" time="9.601" errors="0" timestamp="2021-04-12T18:17:43 IST" skipped="0">
  <testcase classname="Assignments.HomeWork2_1" name="pagelabel" time="6.931"/>
  <system-out/>
  <testcase classname="Assignments.HomeWork2_1" name="claimPage" time="2.670"/>
  <system-out/>
</testsuite> <!-- Assignments.HomeWork2_1 -->
