<?xml version="1.0" encoding="UTF-8"?>
<!-- Generated by org.testng.reporters.JUnitReportReporter -->
<testsuite hostname="LAPTOP-UF8CEU9M" failures="0" tests="1" name="com.selenium.webobject.Code_For_navigate_4" time="21.905" errors="0" timestamp="2021-05-04T21:14:12 IST" skipped="0">
  <testcase classname="com.selenium.webobject.Code_For_navigate_4" name="Code_For_navigate" time="21.905"/>
  <system-out/>
</testsuite> <!-- com.selenium.webobject.Code_For_navigate_4 -->
