<?xml version="1.0" encoding="UTF-8"?>
<!-- Generated by org.testng.reporters.JUnitReportReporter -->
<testsuite hostname="LAPTOP-UF8CEU9M" failures="0" tests="5" name="com.seleniumtest.testNG.BasicWebObject" time="12.641" errors="0" timestamp="2021-04-30T00:31:04 IST" skipped="0">
  <testcase classname="com.seleniumtest.testNG.BasicWebObject" name="textBoxField" time="5.870"/>
  <system-out/>
  <testcase classname="com.seleniumtest.testNG.BasicWebObject" name="radioButton" time="0.061"/>
  <system-out/>
  <testcase classname="com.seleniumtest.testNG.BasicWebObject" name="checkBox" time="0.242"/>
  <system-out/>
  <testcase classname="com.seleniumtest.testNG.BasicWebObject" name="dropDownlist" time="2.144"/>
  <system-out/>
  <testcase classname="com.seleniumtest.testNG.BasicWebObject" name="listBox" time="4.324"/>
  <system-out/>
</testsuite> <!-- com.seleniumtest.testNG.BasicWebObject -->
