<?xml version="1.0" encoding="UTF-8"?>
<!-- Generated by org.testng.reporters.JUnitReportReporter -->
<testsuite hostname="LAPTOP-UF8CEU9M" failures="0" tests="1" name="com.seleniumtest.testNG.LoginTest" time="4.921" errors="0" timestamp="2021-04-29T14:08:45 IST" skipped="0">
  <testcase classname="com.seleniumtest.testNG.LoginTest" name="login_Admin" time="4.921"/>
  <system-out>
Admin login successfull !!  </system-out>
</testsuite> <!-- com.seleniumtest.testNG.LoginTest -->
