<?xml version="1.0" encoding="UTF-8"?>
<!-- Generated by org.testng.reporters.JUnitReportReporter -->
<testsuite hostname="LAPTOP-UF8CEU9M" failures="0" tests="1" name="com.seleniumtest.testNG.MutualLogin" time="13.830" errors="0" timestamp="2021-04-29T14:26:48 IST" skipped="0">
  <testcase classname="com.seleniumtest.testNG.MutualLogin" name="loginAltoroMutual" time="13.830"/>
  <system-out/>
</testsuite> <!-- com.seleniumtest.testNG.MutualLogin -->
