<?xml version="1.0" encoding="UTF-8"?>
<!-- Generated by org.testng.reporters.JUnitReportReporter -->
<testsuite hostname="LAPTOP-UF8CEU9M" failures="0" tests="1" name="com.selenium.pageobject_test.BlazeDemoTestCase" time="7.826" errors="0" timestamp="2021-05-12T23:39:09 IST" skipped="0">
  <testcase classname="com.selenium.pageobject_test.BlazeDemoTestCase" name="Blazedemo" time="7.826"/>
  <system-out/>
</testsuite> <!-- com.selenium.pageobject_test.BlazeDemoTestCase -->
