<?xml version="1.0" encoding="UTF-8"?>
<!-- Generated by org.testng.reporters.JUnitReportReporter -->
<testsuite hostname="LAPTOP-UF8CEU9M" failures="0" tests="1" name="Practice.webobject.Screenshot_code" time="4.625" errors="0" timestamp="2021-05-07T18:15:26 IST" skipped="0">
  <testcase classname="Practice.webobject.Screenshot_code" name="screenShot_code" time="4.625"/>
  <system-out/>
</testsuite> <!-- Practice.webobject.Screenshot_code -->
