<?xml version="1.0" encoding="UTF-8"?>
<!-- Generated by org.testng.reporters.JUnitReportReporter -->
<testsuite hostname="LAPTOP-UF8CEU9M" failures="0" tests="1" name="com.selenium.webobject.Code_For_Screenshot_10" time="10.864" errors="0" timestamp="2021-05-07T17:38:32 IST" skipped="0">
  <testcase classname="com.selenium.webobject.Code_For_Screenshot_10" name="Code_For_Screenshot" time="10.864"/>
  <system-out/>
</testsuite> <!-- com.selenium.webobject.Code_For_Screenshot_10 -->
