<?xml version="1.0" encoding="UTF-8"?>
<!-- Generated by org.testng.reporters.JUnitReportReporter -->
<testsuite hostname="LAPTOP-UF8CEU9M" failures="0" tests="3" name="Assignments.HomeWork3" time="12.530" errors="0" timestamp="2021-04-16T12:45:42 IST" skipped="0">
  <testcase classname="Assignments.HomeWork3" name="testScenario2" time="4.126"/>
  <system-out/>
  <testcase classname="Assignments.HomeWork3" name="testScenario1" time="4.177"/>
  <system-out/>
  <testcase classname="Assignments.HomeWork3" name="testScenario3" time="4.227"/>
  <system-out/>
</testsuite> <!-- Assignments.HomeWork3 -->
