<?xml version="1.0" encoding="UTF-8"?>
<!-- Generated by org.testng.reporters.JUnitReportReporter -->
<testsuite hostname="LAPTOP-UF8CEU9M" failures="0" tests="1" name="com.seleniumtest.testNG.CssLinktext" time="11.435" errors="0" timestamp="2021-04-30T00:31:04 IST" skipped="0">
  <testcase classname="com.seleniumtest.testNG.CssLinktext" name="css" time="11.435"/>
  <system-out/>
</testsuite> <!-- com.seleniumtest.testNG.CssLinktext -->
