<?xml version="1.0" encoding="UTF-8"?>
<!-- Generated by org.testng.reporters.JUnitReportReporter -->
<testsuite hostname="LAPTOP-UF8CEU9M" failures="0" tests="1" name="Assignments.BlazeDemo" time="6.693" errors="0" timestamp="2021-05-03T20:18:24 IST" skipped="0">
  <testcase classname="Assignments.BlazeDemo" name="Blazedemo" time="6.693"/>
  <system-out/>
</testsuite> <!-- Assignments.BlazeDemo -->
