<?xml version="1.0" encoding="UTF-8"?>
<!-- Generated by org.testng.reporters.JUnitReportReporter -->
<testsuite hostname="LAPTOP-UF8CEU9M" failures="0" tests="4" name="Assignments.Homework_4" time="9.361" errors="0" timestamp="2021-04-16T14:10:40 IST" skipped="0">
  <testcase classname="Assignments.Homework_4" name="sum1" time="2.375"/>
  <system-out/>
  <testcase classname="Assignments.Homework_4" name="sub" time="2.297"/>
  <system-out/>
  <testcase classname="Assignments.Homework_4" name="multiply" time="2.341"/>
  <system-out/>
  <testcase classname="Assignments.Homework_4" name="dividion" time="2.348"/>
  <system-out/>
</testsuite> <!-- Assignments.Homework_4 -->
