<?xml version="1.0" encoding="UTF-8"?>
<!-- Generated by org.testng.reporters.JUnitReportReporter -->
<testsuite hostname="LAPTOP-UF8CEU9M" failures="0" tests="1" name="com.seleniumtest.testNG.MutualLoginTest" time="4.996" errors="0" timestamp="2021-05-03T12:46:24 IST" skipped="0">
  <testcase classname="com.seleniumtest.testNG.MutualLoginTest" name="login_Admin" time="4.996"/>
  <system-out>
Admin login successfull !!  </system-out>
</testsuite> <!-- com.seleniumtest.testNG.MutualLoginTest -->
