<?xml version="1.0" encoding="UTF-8"?>
<!-- Generated by org.testng.reporters.JUnitReportReporter -->
<testsuite hostname="LAPTOP-UF8CEU9M" failures="0" tests="2" name="com.seleniumtest.testNG.CalculatorTest" time="3.628" errors="0" timestamp="2021-05-03T12:46:24 IST" skipped="0">
  <testcase classname="com.seleniumtest.testNG.CalculatorTest" name="CalculatorOp" time="2.363"/>
  <system-out/>
  <testcase classname="com.seleniumtest.testNG.CalculatorTest" name="calculatorOp" time="1.265"/>
  <system-out/>
</testsuite> <!-- com.seleniumtest.testNG.CalculatorTest -->
