<?xml version="1.0" encoding="UTF-8"?>
<!-- Generated by org.testng.reporters.JUnitReportReporter -->
<testsuite hostname="LAPTOP-UF8CEU9M" failures="0" tests="1" name="Practice.webobject.JavaScriptTest" time="16.162" errors="0" timestamp="2021-05-07T12:10:20 IST" skipped="0">
  <testcase classname="Practice.webobject.JavaScriptTest" name="JavaScriptExecutor_Test" time="16.162"/>
  <system-out/>
</testsuite> <!-- Practice.webobject.JavaScriptTest -->
