<?xml version="1.0" encoding="UTF-8"?>
<!-- Generated by org.testng.reporters.JUnitReportReporter -->
<testsuite hostname="LAPTOP-UF8CEU9M" failures="0" tests="2" name="com.seleniumtest.testNG.SoftAssertCode" time="5.499" errors="0" timestamp="2021-05-03T00:07:06 IST" skipped="0">
  <testcase classname="com.seleniumtest.testNG.SoftAssertCode" name="loginPage" time="4.110"/>
  <system-out/>
  <testcase classname="com.seleniumtest.testNG.SoftAssertCode" name="logoutPage" time="1.389"/>
  <system-out/>
</testsuite> <!-- com.seleniumtest.testNG.SoftAssertCode -->
