<?xml version="1.0" encoding="UTF-8"?>
<!-- Generated by org.testng.reporters.JUnitReportReporter -->
<testsuite hostname="LAPTOP-UF8CEU9M" failures="0" tests="1" name="com.selenium.webobject.Code_For_Alert_2" time="13.606" errors="0" timestamp="2021-05-04T14:29:21 IST" skipped="0">
  <testcase classname="com.selenium.webobject.Code_For_Alert_2" name="Code_For_Alert_Test" time="13.606"/>
  <system-out>
Login successfully  </system-out>
</testsuite> <!-- com.selenium.webobject.Code_For_Alert_2 -->
