<?xml version="1.0" encoding="UTF-8"?>
<!-- Generated by org.testng.reporters.JUnitReportReporter -->
<testsuite hostname="LAPTOP-UF8CEU9M" failures="0" tests="1" name="com.selenium.webobject.Code_For_MouseHandle_7" time="20.781" errors="0" timestamp="2021-05-05T17:51:45 IST" skipped="0">
  <testcase classname="com.selenium.webobject.Code_For_MouseHandle_7" name="Code_For_MouseHandle_Test" time="20.781"/>
  <system-out/>
</testsuite> <!-- com.selenium.webobject.Code_For_MouseHandle_7 -->
