<?xml version="1.0" encoding="UTF-8"?>
<!-- Generated by org.testng.reporters.JUnitReportReporter -->
<testsuite hostname="LAPTOP-UF8CEU9M" failures="0" tests="3" name="com.selenium.pageobject_test.FixedDepositTestCaseExtentReport" time="17.012" errors="0" timestamp="2021-05-09T22:29:01 IST" skipped="0">
  <testcase classname="com.selenium.pageobject_test.FixedDepositTestCaseExtentReport" name="fd_100000" time="7.866"/>
  <system-out/>
  <testcase classname="com.selenium.pageobject_test.FixedDepositTestCaseExtentReport" name="fd_200000" time="5.106"/>
  <system-out/>
  <testcase classname="com.selenium.pageobject_test.FixedDepositTestCaseExtentReport" name="fd_300000" time="4.040"/>
  <system-out/>
</testsuite> <!-- com.selenium.pageobject_test.FixedDepositTestCaseExtentReport -->
