<?xml version="1.0" encoding="UTF-8"?>
<!-- Generated by org.testng.reporters.JUnitReportReporter -->
<testsuite hostname="LAPTOP-UF8CEU9M" failures="0" tests="2" name="com.selenium.pageobject_test.FixedDepositTestCase" time="12.137" errors="0" timestamp="2021-05-09T23:27:30 IST" skipped="0">
  <testcase classname="com.selenium.pageobject_test.FixedDepositTestCase" name="fd_100000" time="8.865"/>
  <system-out/>
  <testcase classname="com.selenium.pageobject_test.FixedDepositTestCase" name="fd_200000" time="3.272"/>
  <system-out/>
</testsuite> <!-- com.selenium.pageobject_test.FixedDepositTestCase -->
