<?xml version="1.0" encoding="UTF-8"?>
<!-- Generated by org.testng.reporters.JUnitReportReporter -->
<testsuite hostname="LAPTOP-UF8CEU9M" failures="0" tests="4" name="com.selenium.pageobject_test.CalculatorTestCase" time="9.650" errors="0" timestamp="2021-05-12T17:14:55 IST" skipped="0">
  <testcase classname="com.selenium.pageobject_test.CalculatorTestCase" name="Addition" time="2.659"/>
  <system-out/>
  <testcase classname="com.selenium.pageobject_test.CalculatorTestCase" name="Substraction" time="2.353"/>
  <system-out/>
  <testcase classname="com.selenium.pageobject_test.CalculatorTestCase" name="Multiply" time="2.332"/>
  <system-out/>
  <testcase classname="com.selenium.pageobject_test.CalculatorTestCase" name="Division" time="2.306"/>
  <system-out/>
</testsuite> <!-- com.selenium.pageobject_test.CalculatorTestCase -->
