<?xml version="1.0" encoding="UTF-8"?>
<!-- Generated by org.testng.reporters.JUnitReportReporter -->
<testsuite hostname="LAPTOP-UF8CEU9M" failures="0" tests="6" name="Assignments.Homework4_2" time="7.120" errors="0" timestamp="2021-05-03T19:33:18 IST" skipped="0">
  <testcase classname="Assignments.Homework4_2" name="test1" time="3.643"/>
  <system-out/>
  <testcase classname="Assignments.Homework4_2" name="test2" time="0.354"/>
  <system-out/>
  <testcase classname="Assignments.Homework4_2" name="test3" time="0.680"/>
  <system-out/>
  <testcase classname="Assignments.Homework4_2" name="test4" time="0.832"/>
  <system-out/>
  <testcase classname="Assignments.Homework4_2" name="test5" time="1.602"/>
  <system-out/>
  <testcase classname="Assignments.Homework4_2" name="test6" time="0.009"/>
  <system-out/>
</testsuite> <!-- Assignments.Homework4_2 -->
