<?xml version="1.0" encoding="UTF-8"?>
<!-- Generated by org.testng.reporters.JUnitReportReporter -->
<testsuite hostname="LAPTOP-UF8CEU9M" failures="0" tests="1" name="Practice.webobject.KeyboardHandle" time="4.035" errors="0" timestamp="2021-05-05T14:31:27 IST" skipped="0">
  <testcase classname="Practice.webobject.KeyboardHandle" name="keyboardEvent" time="4.035"/>
  <system-out/>
</testsuite> <!-- Practice.webobject.KeyboardHandle -->
