<?xml version="1.0" encoding="UTF-8"?>
<!-- Generated by org.testng.reporters.JUnitReportReporter -->
<testsuite hostname="LAPTOP-UF8CEU9M" failures="0" tests="2" name="com.selenium.webobject.Code_For_WindowTab_8" time="17.088" errors="0" timestamp="2021-05-05T18:17:19 IST" skipped="0">
  <testcase classname="com.selenium.webobject.Code_For_WindowTab_8" name="Tab" time="10.067"/>
  <system-out/>
  <testcase classname="com.selenium.webobject.Code_For_WindowTab_8" name="tabFlipkart" time="7.021"/>
  <system-out/>
</testsuite> <!-- com.selenium.webobject.Code_For_WindowTab_8 -->
