<?xml version="1.0" encoding="UTF-8"?>
<!-- Generated by org.testng.reporters.JUnitReportReporter -->
<testsuite hostname="LAPTOP-UF8CEU9M" failures="0" tests="5" name="Assignments.HomeWork2_2" time="22.747" errors="0" timestamp="2021-04-14T13:09:20 IST" skipped="0">
  <testcase classname="Assignments.HomeWork2_2" name="softwareTesting" time="7.733"/>
  <system-out/>
  <testcase classname="Assignments.HomeWork2_2" name="consultancy" time="4.707"/>
  <system-out/>
  <testcase classname="Assignments.HomeWork2_2" name="training" time="3.695"/>
  <system-out/>
  <testcase classname="Assignments.HomeWork2_2" name="books" time="3.396"/>
  <system-out/>
  <testcase classname="Assignments.HomeWork2_2" name="onlineTraining" time="3.216"/>
  <system-out/>
</testsuite> <!-- Assignments.HomeWork2_2 -->
