<?xml version="1.0" encoding="UTF-8"?>
<!-- Generated by org.testng.reporters.JUnitReportReporter -->
<testsuite hostname="LAPTOP-UF8CEU9M" failures="0" tests="3" name="com.selenium.webobject.BrowserCode" time="17.216" errors="0" timestamp="2021-05-07T21:06:43 IST" skipped="0">
  <testcase classname="com.selenium.webobject.BrowserCode" name="chrome" time="4.697"/>
  <system-out/>
  <testcase classname="com.selenium.webobject.BrowserCode" name="firefox" time="7.228"/>
  <system-out/>
  <testcase classname="com.selenium.webobject.BrowserCode" name="edge" time="5.291"/>
  <system-out/>
</testsuite> <!-- com.selenium.webobject.BrowserCode -->
