<?xml version="1.0" encoding="UTF-8"?>
<!-- Generated by org.testng.reporters.JUnitReportReporter -->
<testsuite hostname="LAPTOP-UF8CEU9M" failures="0" tests="1" name="com.seleniumtest.testNG.TestLogin" time="16.543" errors="0" timestamp="2021-05-15T17:18:44 IST" skipped="0">
  <testcase classname="com.seleniumtest.testNG.TestLogin" name="loginAltoroMutual" time="16.543"/>
  <system-out/>
</testsuite> <!-- com.seleniumtest.testNG.TestLogin -->
