<?xml version="1.0" encoding="UTF-8"?>
<!-- Generated by org.testng.reporters.JUnitReportReporter -->
<testsuite hostname="LAPTOP-UF8CEU9M" failures="0" tests="2" name="com.seleniumtest.testNG.CalculatorTest" time="3.910" errors="0" timestamp="2021-05-15T17:18:44 IST" skipped="0">
  <testcase classname="com.seleniumtest.testNG.CalculatorTest" name="CalculatorOp" time="2.479"/>
  <system-out/>
  <testcase classname="com.seleniumtest.testNG.CalculatorTest" name="calculatorOp" time="1.431"/>
  <system-out/>
</testsuite> <!-- com.seleniumtest.testNG.CalculatorTest -->
